{"type":"server-started","port":59761,"host":"127.0.0.1","url_host":"localhost","url":"http://localhost:59761","screen_dir":"/Users/sims/Desktop/PROJETS/PROJETS IMMOBILIER/PIIXEL/Feel Home/.superpowers/brainstorm/78529-1773720187"}
{"type":"screen-added","file":"/Users/sims/Desktop/PROJETS/PROJETS IMMOBILIER/PIIXEL/Feel Home/.superpowers/brainstorm/78529-1773720187/team-viz-approaches.html"}
{"type":"screen-added","file":"/Users/sims/Desktop/PROJETS/PROJETS IMMOBILIER/PIIXEL/Feel Home/.superpowers/brainstorm/78529-1773720187/tree-corrected.html"}
{"type":"screen-added","file":"/Users/sims/Desktop/PROJETS/PROJETS IMMOBILIER/PIIXEL/Feel Home/.superpowers/brainstorm/78529-1773720187/tree-corrected-v2.html"}
{"type":"screen-added","file":"/Users/sims/Desktop/PROJETS/PROJETS IMMOBILIER/PIIXEL/Feel Home/.superpowers/brainstorm/78529-1773720187/modal-content.html"}
{"source":"user-event","type":"click","text":"1\n        \n          Header — Avatar, Title, Scope, Languages\n          Big avatar, role title, scope tag, language flags","choice":"header","id":null,"timestamp":1773721797212}
{"source":"user-event","type":"click","text":"1\n        \n          Header — Avatar, Title, Scope, Languages\n          Big avatar, role title, scope tag, language flags","choice":"header","id":null,"timestamp":1773721798161}
{"source":"user-event","type":"click","text":"2\n        \n          Schedule — Contract, Start Month, Hours\n          CDI/CDD/Freelance, start date, full-time/part-time, work hours","choice":"schedule","id":null,"timestamp":1773721798749}
{"source":"user-event","type":"click","text":"2\n        \n          Schedule — Contract, Start Month, Hours\n          CDI/CDD/Freelance, start date, full-time/part-time, work hours","choice":"schedule","id":null,"timestamp":1773721799760}
{"source":"user-event","type":"click","text":"1\n        \n          Header — Avatar, Title, Scope, Languages\n          Big avatar, role title, scope tag, language flags","choice":"header","id":null,"timestamp":1773721800428}
{"source":"user-event","type":"click","text":"2\n        \n          Schedule — Contract, Start Month, Hours\n          CDI/CDD/Freelance, start date, full-time/part-time, work hours","choice":"schedule","id":null,"timestamp":1773721801061}
{"source":"user-event","type":"click","text":"1\n        \n          Header — Avatar, Title, Scope, Languages\n          Big avatar, role title, scope tag, language flags","choice":"header","id":null,"timestamp":1773721803360}
{"source":"user-event","type":"click","text":"2\n        \n          Schedule — Contract, Start Month, Hours\n          CDI/CDD/Freelance, start date, full-time/part-time, work hours","choice":"schedule","id":null,"timestamp":1773721804044}
{"source":"user-event","type":"click","text":"1\n        \n          Header — Avatar, Title, Scope, Languages\n          Big avatar, role title, scope tag, language flags","choice":"header","id":null,"timestamp":1773721816951}
{"source":"user-event","type":"click","text":"2\n        \n          Schedule — Contract, Start Month, Hours\n          CDI/CDD/Freelance, start date, full-time/part-time, work hours","choice":"schedule","id":null,"timestamp":1773721817993}
{"source":"user-event","type":"click","text":"3\n        \n          Responsibilities — Icon + Label list\n          6 key responsibilities with icons (e.g. HR Management, Lead Qualification...)","choice":"responsibilities","id":null,"timestamp":1773721818493}
{"source":"user-event","type":"click","text":"4\n        \n          Compensation — Salary, Commission, Total Cost\n          Base salary, CNSS contributions, commission rate & type, total monthly cost","choice":"compensation","id":null,"timestamp":1773721819194}
{"source":"user-event","type":"click","text":"5\n        \n          Skills & Tools — Tag clouds\n          Skills tags (Negotiation, CRM...) + Tools tags (WhatsApp, Canva...)","choice":"skills","id":null,"timestamp":1773721819850}
{"source":"user-event","type":"click","text":"6\n        \n          KPIs — Targets & Metrics\n          Revenue targets, conversion rates, response times... with target values","choice":"kpis","id":null,"timestamp":1773721820343}
{"source":"user-event","type":"click","text":"7\n        \n          Brand Affiliation — Which brands they serve\n          Feel Home, M Invest, Expats.ma — with brand avatars/colors","choice":"brands","id":null,"timestamp":1773721820959}
{"type":"screen-added","file":"/Users/sims/Desktop/PROJETS/PROJETS IMMOBILIER/PIIXEL/Feel Home/.superpowers/brainstorm/78529-1773720187/final-design.html"}
{"type":"server-stopped","reason":"idle timeout"}
